** SIEGE 4.1.6
** Preparing 25 concurrent users for battle.
The server is now under siege...
[[1;33merror[0m] socket: unable to connect sock.c:282: Connection reset by peer
[[1;33merror[0m] socket: unable to connect sock.c:282: Connection reset by peer
[[1;33merror[0m] socket: unable to connect sock.c:282: Connection reset by peer
[[1;33merror[0m] socket: unable to connect sock.c:282: Connection reset by peer
[[1;33merror[0m] socket: unable to connect sock.c:282: Connection reset by peer
[[1;33merror[0m] socket: unable to connect sock.c:282: Connection reset by peer
[[1;33merror[0m] socket: unable to connect sock.c:282: Connection reset by peer
[[1;33merror[0m] socket: unable to connect sock.c:282: Connection reset by peer
[[1;33merror[0m] socket: unable to connect sock.c:282: Connection reset by peer
[[1;33merror[0m] socket: unable to connect sock.c:282: Connection reset by peer
[[1;33merror[0m] socket: unable to connect sock.c:282: Connection reset by peer
[[1;33merror[0m] unable to write to socket sock.c:733: Broken pipe
[[1;33merror[0m] unable to write to socket sock.c:733: Broken pipe
[[1;33merror[0m] unable to write to socket sock.c:733: Broken pipe
[[1;33merror[0m] unable to write to socket sock.c:733: Broken pipe
[[1;33merror[0m] socket: unable to connect sock.c:282: Connection reset by peer
[[1;33merror[0m] socket: unable to connect sock.c:282: Connection reset by peer
[[1;33merror[0m] unable to write to socket sock.c:733: Broken pipe
[[1;33merror[0m] socket: read error Connection reset by peer sock.c:635: Connection reset by peer
[[1;33merror[0m] socket: read error Connection reset by peer sock.c:635: Connection reset by peer
[[1;33merror[0m] unable to write to socket sock.c:733: Broken pipe
[[1;33merror[0m] socket: unable to connect sock.c:282: Connection reset by peer
[[1;33merror[0m] socket: unable to connect sock.c:282: Connection reset by peer
[[1;33merror[0m] socket: unable to connect sock.c:282: Connection reset by peer
[[1;33merror[0m] socket: unable to connect sock.c:282: Connection reset by peer
[[1;33merror[0m] socket: unable to connect sock.c:282: Connection reset by peer
[[1;33merror[0m] socket: unable to connect sock.c:282: Connection reset by peer
[[1;33merror[0m] socket: unable to connect sock.c:282: Connection reset by peer
[[1;33merror[0m] socket: unable to connect sock.c:282: Connection reset by peer
[[1;33merror[0m] unable to write to socket sock.c:733: Broken pipe
[[1;33merror[0m] socket: unable to connect sock.c:282: Connection reset by peer
[[1;33merror[0m] socket: unable to connect sock.c:282: Connection reset by peer
[[1;33merror[0m] socket: unable to connect sock.c:282: Connection reset by peer
[[1;33merror[0m] socket: unable to connect sock.c:282: Connection reset by peer
[[1;33merror[0m] socket: unable to connect sock.c:282: Connection reset by peer
[[1;33merror[0m] socket: unable to connect sock.c:282: Connection reset by peer
[[1;33merror[0m] socket: unable to connect sock.c:282: Connection reset by peer
[[1;33merror[0m] socket: unable to connect sock.c:282: Connection reset by peer
[[1;33merror[0m] socket: unable to connect sock.c:282: Connection reset by peer
[[1;33merror[0m] unable to write to socket sock.c:733: Broken pipe
[[1;33merror[0m] socket: unable to connect sock.c:282: Connection reset by peer
[[1;33merror[0m] socket: unable to connect sock.c:282: Connection reset by peer
[[1;33merror[0m] socket: unable to connect sock.c:282: Connection reset by peer
[[1;33merror[0m] unable to write to socket sock.c:733: Broken pipe
[[1;33merror[0m] socket: unable to connect sock.c:282: Connection reset by peer
[[1;33merror[0m] socket: unable to connect sock.c:282: Connection reset by peer
[[1;33merror[0m] unable to write to socket sock.c:733: Broken pipe
[[1;33merror[0m] unable to write to socket sock.c:733: Broken pipe
[[1;33merror[0m] socket: unable to connect sock.c:282: Connection reset by peer
[[1;33merror[0m] socket: unable to connect sock.c:282: Connection reset by peer
[[1;33merror[0m] socket: unable to connect sock.c:282: Connection reset by peer
[[1;33merror[0m] socket: unable to connect sock.c:282: Connection reset by peer
[[1;33merror[0m] socket: unable to connect sock.c:282: Connection reset by peer
[[1;33merror[0m] socket: unable to connect sock.c:282: Connection reset by peer
[[1;33merror[0m] unable to write to socket sock.c:733: Broken pipe
[[1;33merror[0m] socket: unable to connect sock.c:282: Connection reset by peer
[[1;33merror[0m] socket: unable to connect sock.c:282: Connection reset by peer
[[1;33merror[0m] socket: unable to connect sock.c:282: Connection reset by peer
[[1;33merror[0m] socket: unable to connect sock.c:282: Connection reset by peer
[[1;33merror[0m] socket: unable to connect sock.c:282: Connection reset by peer
[[1;33merror[0m] socket: unable to connect sock.c:282: Connection reset by peer
[[1;33merror[0m] socket: unable to connect sock.c:282: Connection reset by peer
[[1;33merror[0m] socket: unable to connect sock.c:282: Connection reset by peer
[[1;33merror[0m] socket: unable to connect sock.c:282: Connection reset by peer
[[1;33merror[0m] socket: unable to connect sock.c:282: Connection reset by peer
[[1;33merror[0m] socket: unable to connect sock.c:282: Connection reset by peer
[[1;33merror[0m] socket: unable to connect sock.c:282: Connection reset by peer
[[1;33merror[0m] socket: unable to connect sock.c:282: Connection reset by peer
[[1;33merror[0m] socket: unable to connect sock.c:282: Connection reset by peer
[[1;33merror[0m] socket: unable to connect sock.c:282: Connection reset by peer
[[1;33merror[0m] socket: unable to connect sock.c:282: Connection reset by peer
[[1;33merror[0m] socket: unable to connect sock.c:282: Connection reset by peer
[[1;33merror[0m] unable to write to socket sock.c:733: Broken pipe
[[1;33merror[0m] socket: unable to connect sock.c:282: Connection reset by peer
[[1;33merror[0m] unable to write to socket sock.c:733: Broken pipe
[[1;33merror[0m] socket: unable to connect sock.c:282: Connection reset by peer
[[1;33merror[0m] unable to write to socket sock.c:733: Broken pipe
[[1;33merror[0m] socket: unable to connect sock.c:282: Connection reset by peer
[[1;33merror[0m] socket: unable to connect sock.c:282: Connection reset by peer
[[1;33merror[0m] unable to write to socket sock.c:733: Broken pipe
[[1;33merror[0m] socket: unable to connect sock.c:282: Connection reset by peer
[[1;33merror[0m] socket: unable to connect sock.c:282: Connection reset by peer
[[1;33merror[0m] socket: read error Connection reset by peer sock.c:635: Connection reset by peer
[[1;33merror[0m] socket: unable to connect sock.c:282: Connection reset by peer
[[1;33merror[0m] socket: unable to connect sock.c:282: Connection reset by peer
[[1;33merror[0m] socket: unable to connect sock.c:282: Connection reset by peer
[[1;33merror[0m] socket: unable to connect sock.c:282: Connection reset by peer
[[1;33merror[0m] socket: unable to connect sock.c:282: Connection reset by peer
[[1;33merror[0m] socket: unable to connect sock.c:282: Connection reset by peer
[[1;33merror[0m] unable to write to socket sock.c:733: Broken pipe
[[1;33merror[0m] socket: unable to connect sock.c:282: Connection reset by peer
[[1;33merror[0m] socket: unable to connect sock.c:282: Connection reset by peer
[[1;33merror[0m] socket: unable to connect sock.c:282: Connection reset by peer
[[1;33merror[0m] socket: unable to connect sock.c:282: Connection reset by peer
[[1;33merror[0m] socket: unable to connect sock.c:282: Connection reset by peer
[[1;33merror[0m] socket: unable to connect sock.c:282: Connection reset by peer
[[1;33merror[0m] socket: unable to connect sock.c:282: Connection reset by peer
[[1;33merror[0m] socket: unable to connect sock.c:282: Connection reset by peer
[[1;33merror[0m] socket: read error Connection reset by peer sock.c:635: Connection reset by peer
[[1;33merror[0m] socket: unable to connect sock.c:282: Connection reset by peer
[[1;33merror[0m] socket: unable to connect sock.c:282: Connection reset by peer
[[1;33merror[0m] socket: unable to connect sock.c:282: Connection reset by peer
[[1;33merror[0m] socket: unable to connect sock.c:282: Connection reset by peer
[[1;33merror[0m] unable to write to socket sock.c:733: Broken pipe
[[1;33merror[0m] socket: unable to connect sock.c:282: Connection reset by peer
[[1;33merror[0m] socket: unable to connect sock.c:282: Connection reset by peer
[[1;33merror[0m] socket: unable to connect sock.c:282: Connection reset by peer
[[1;33merror[0m] socket: read error Connection reset by peer sock.c:635: Connection reset by peer
[[1;33merror[0m] socket: unable to connect sock.c:282: Connection reset by peer
[[1;33merror[0m] socket: unable to connect sock.c:282: Connection reset by peer
[[1;33merror[0m] unable to write to socket sock.c:733: Broken pipe
[[1;33merror[0m] socket: unable to connect sock.c:282: Connection reset by peer
[[1;33merror[0m] socket: unable to connect sock.c:282: Connection reset by peer
[[1;33merror[0m] socket: unable to connect sock.c:282: Connection reset by peer
[[1;33merror[0m] socket: unable to connect sock.c:282: Connection reset by peer
[[1;33merror[0m] socket: unable to connect sock.c:282: Connection reset by peer
[[1;33merror[0m] socket: read error Connection reset by peer sock.c:635: Connection reset by peer
[[1;33merror[0m] socket: unable to connect sock.c:282: Connection reset by peer
[[1;33merror[0m] unable to write to socket sock.c:733: Broken pipe
[[1;33merror[0m] unable to write to socket sock.c:733: Broken pipe
[[1;33merror[0m] unable to write to socket sock.c:733: Broken pipe
[[1;33merror[0m] socket: unable to connect sock.c:282: Connection reset by peer
[[1;33merror[0m] socket: unable to connect sock.c:282: Connection reset by peer
[[1;33merror[0m] socket: unable to connect sock.c:282: Connection reset by peer
[[1;33merror[0m] socket: unable to connect sock.c:282: Connection reset by peer
[[1;33merror[0m] socket: unable to connect sock.c:282: Connection reset by peer
[[1;33merror[0m] socket: unable to connect sock.c:282: Connection reset by peer
[[1;33merror[0m] unable to write to socket sock.c:733: Broken pipe
[[1;33merror[0m] socket: unable to connect sock.c:282: Connection reset by peer
[[1;33merror[0m] socket: unable to connect sock.c:282: Connection reset by peer
[[1;33merror[0m] socket: read error Connection reset by peer sock.c:635: Connection reset by peer
[[1;33merror[0m] socket: unable to connect sock.c:282: Connection reset by peer
[[1;33merror[0m] socket: unable to connect sock.c:282: Connection reset by peer
[[1;33merror[0m] socket: unable to connect sock.c:282: Connection reset by peer
[[1;33merror[0m] socket: unable to connect sock.c:282: Connection reset by peer
[[1;33merror[0m] unable to write to socket sock.c:733: Broken pipe
[[1;33merror[0m] socket: unable to connect sock.c:282: Connection reset by peer
[[1;33merror[0m] socket: unable to connect sock.c:282: Connection reset by peer
[[1;33merror[0m] socket: unable to connect sock.c:282: Connection reset by peer
[[1;33merror[0m] socket: unable to connect sock.c:282: Connection reset by peer
[[1;33merror[0m] unable to write to socket sock.c:733: Broken pipe
[[1;33merror[0m] socket: unable to connect sock.c:282: Connection reset by peer
[[1;33merror[0m] socket: unable to connect sock.c:282: Connection reset by peer
[[1;33merror[0m] socket: unable to connect sock.c:282: Connection reset by peer
[[1;33merror[0m] socket: unable to connect sock.c:282: Connection reset by peer
[[1;33merror[0m] socket: unable to connect sock.c:282: Connection reset by peer
[[1;33merror[0m] socket: unable to connect sock.c:282: Connection reset by peer
[[1;33merror[0m] socket: unable to connect sock.c:282: Connection reset by peer
[[1;33merror[0m] unable to write to socket sock.c:733: Broken pipe
[[1;33merror[0m] socket: unable to connect sock.c:282: Connection reset by peer
[[1;33merror[0m] socket: unable to connect sock.c:282: Connection reset by peer
[[1;33merror[0m] socket: unable to connect sock.c:282: Connection reset by peer
[[1;33merror[0m] socket: unable to connect sock.c:282: Connection reset by peer
[[1;33merror[0m] socket: unable to connect sock.c:282: Connection reset by peer
[[1;33merror[0m] socket: unable to connect sock.c:282: Connection reset by peer
[[1;33merror[0m] socket: unable to connect sock.c:282: Connection reset by peer
[[1;33merror[0m] socket: unable to connect sock.c:282: Connection reset by peer
[[1;33merror[0m] socket: unable to connect sock.c:282: Connection reset by peer

Lifting the server siege...
Transactions:		       16254 hits
Availability:		       99.04 %
Elapsed time:		        6.17 secs
Data transferred:	        0.06 MB
Response time:		        0.00 secs
Transaction rate:	     2634.36 trans/sec
Throughput:		        0.01 MB/sec
Concurrency:		       13.13
Successful transactions:       16254
Failed transactions:	         158
Longest transaction:	        1.95
Shortest transaction:	        0.00
 
